0 info it worked if it ends with ok
1 verbose cli [ '/Users/matthewpalmer/.nvm/versions/node/v4.1.0/bin/node',
1 verbose cli   '/Users/matthewpalmer/.nvm/versions/node/v4.1.0/bin/npm',
1 verbose cli   'run',
1 verbose cli   'test-all' ]
2 info using npm@2.14.3
3 info using node@v4.1.0
4 verbose run-script [ 'pretest-all', 'test-all', 'posttest-all' ]
5 info pretest-all charter@1.0.0
6 info test-all charter@1.0.0
7 verbose unsafe-perm in lifecycle true
8 info charter@1.0.0 Failed to exec test-all script
9 verbose stack Error: charter@1.0.0 test-all: `npm test ./*/**/*.test.js`
9 verbose stack Exit status 1
9 verbose stack     at EventEmitter.<anonymous> (/Users/matthewpalmer/.nvm/versions/node/v4.1.0/lib/node_modules/npm/lib/utils/lifecycle.js:214:16)
9 verbose stack     at emitTwo (events.js:87:13)
9 verbose stack     at EventEmitter.emit (events.js:172:7)
9 verbose stack     at ChildProcess.<anonymous> (/Users/matthewpalmer/.nvm/versions/node/v4.1.0/lib/node_modules/npm/lib/utils/spawn.js:24:14)
9 verbose stack     at emitTwo (events.js:87:13)
9 verbose stack     at ChildProcess.emit (events.js:172:7)
9 verbose stack     at maybeClose (internal/child_process.js:817:16)
9 verbose stack     at Process.ChildProcess._handle.onexit (internal/child_process.js:211:5)
10 verbose pkgid charter@1.0.0
11 verbose cwd /Users/matthewpalmer/dev/ios/Charter/Backend/importer/sample
12 error Darwin 15.0.0
13 error argv "/Users/matthewpalmer/.nvm/versions/node/v4.1.0/bin/node" "/Users/matthewpalmer/.nvm/versions/node/v4.1.0/bin/npm" "run" "test-all"
14 error node v4.1.0
15 error npm  v2.14.3
16 error code ELIFECYCLE
17 error charter@1.0.0 test-all: `npm test ./*/**/*.test.js`
17 error Exit status 1
18 error Failed at the charter@1.0.0 test-all script 'npm test ./*/**/*.test.js'.
18 error This is most likely a problem with the charter package,
18 error not with npm itself.
18 error Tell the author that this fails on your system:
18 error     npm test ./*/**/*.test.js
18 error You can get their info via:
18 error     npm owner ls charter
18 error There is likely additional logging output above.
19 verbose exit [ 1, true ]
